<?xml version="1.0" encoding="UTF-8"?>
<coverage generated="1712145462525" clover="3.2.0">
  <project timestamp="1712145462525" name="All files">
    <metrics statements="20" coveredstatements="20" conditionals="8" coveredconditionals="8" methods="3" coveredmethods="3" elements="31" coveredelements="31" complexity="0" loc="20" ncloc="20" packages="2" files="2" classes="2"/>
    <package name="controllers">
      <metrics statements="19" coveredstatements="19" conditionals="8" coveredconditionals="8" methods="3" coveredmethods="3"/>
      <file name="AuthController.js" path="/home/user/Documents/GitHub/private-to-do-list/src/controllers/AuthController.js">
        <metrics statements="19" coveredstatements="19" conditionals="8" coveredconditionals="8" methods="3" coveredmethods="3"/>
        <line num="10" count="1" type="stmt"/>
        <line num="12" count="3" type="stmt"/>
        <line num="13" count="3" type="cond" truecount="4" falsecount="0"/>
        <line num="14" count="1" type="stmt"/>
        <line num="18" count="2" type="stmt"/>
        <line num="19" count="2" type="stmt"/>
        <line num="21" count="5" type="stmt"/>
        <line num="26" count="1" type="stmt"/>
        <line num="28" count="1" type="stmt"/>
        <line num="29" count="1" type="stmt"/>
        <line num="35" count="1" type="stmt"/>
        <line num="39" count="3" type="stmt"/>
        <line num="40" count="3" type="cond" truecount="4" falsecount="0"/>
        <line num="41" count="1" type="stmt"/>
        <line num="45" count="2" type="stmt"/>
        <line num="46" count="2" type="stmt"/>
        <line num="47" count="1" type="stmt"/>
        <line num="48" count="1" type="stmt"/>
        <line num="54" count="1" type="stmt"/>
      </file>
    </package>
    <package name="utils">
      <metrics statements="1" coveredstatements="1" conditionals="0" coveredconditionals="0" methods="0" coveredmethods="0"/>
      <file name="exampleTasks.js" path="/home/user/Documents/GitHub/private-to-do-list/src/utils/exampleTasks.js">
        <metrics statements="1" coveredstatements="1" conditionals="0" coveredconditionals="0" methods="0" coveredmethods="0"/>
        <line num="1" count="1" type="stmt"/>
      </file>
    </package>
  </project>
</coverage>
