{"/home/user/Documents/GitHub/private-to-do-list/src/controllers/AuthController.js": {"path":"/home/user/Documents/GitHub/private-to-do-list/src/controllers/AuthController.js","statementMap":{"0":{"start":{"line":10,"column":23},"end":{"line":73,"column":1}},"1":{"start":{"line":12,"column":35},"end":{"line":12,"column":43}},"2":{"start":{"line":13,"column":4},"end":{"line":17,"column":5}},"3":{"start":{"line":14,"column":6},"end":{"line":16,"column":9}},"4":{"start":{"line":18,"column":4},"end":{"line":36,"column":5}},"5":{"start":{"line":19,"column":22},"end":{"line":19,"column":58}},"6":{"start":{"line":21,"column":27},"end":{"line":24,"column":9}},"7":{"start":{"line":21,"column":55},"end":{"line":24,"column":7}},"8":{"start":{"line":26,"column":6},"end":{"line":26,"column":42}},"9":{"start":{"line":28,"column":25},"end":{"line":28,"column":71}},"10":{"start":{"line":29,"column":6},"end":{"line":33,"column":9}},"11":{"start":{"line":35,"column":6},"end":{"line":35,"column":18}},"12":{"start":{"line":39,"column":35},"end":{"line":39,"column":43}},"13":{"start":{"line":40,"column":4},"end":{"line":44,"column":5}},"14":{"start":{"line":41,"column":6},"end":{"line":43,"column":9}},"15":{"start":{"line":45,"column":4},"end":{"line":55,"column":5}},"16":{"start":{"line":46,"column":19},"end":{"line":46,"column":57}},"17":{"start":{"line":47,"column":25},"end":{"line":47,"column":68}},"18":{"start":{"line":48,"column":6},"end":{"line":52,"column":9}},"19":{"start":{"line":54,"column":6},"end":{"line":54,"column":18}}},"fnMap":{"0":{"name":"(anonymous_0)","decl":{"start":{"line":11,"column":2},"end":{"line":11,"column":3}},"loc":{"start":{"line":11,"column":33},"end":{"line":37,"column":3}},"line":11},"1":{"name":"(anonymous_1)","decl":{"start":{"line":21,"column":44},"end":{"line":21,"column":45}},"loc":{"start":{"line":21,"column":55},"end":{"line":24,"column":7}},"line":21},"2":{"name":"(anonymous_2)","decl":{"start":{"line":38,"column":2},"end":{"line":38,"column":3}},"loc":{"start":{"line":38,"column":30},"end":{"line":56,"column":3}},"line":38}},"branchMap":{"0":{"loc":{"start":{"line":13,"column":4},"end":{"line":17,"column":5}},"type":"if","locations":[{"start":{"line":13,"column":4},"end":{"line":17,"column":5}},{"start":{},"end":{}}],"line":13},"1":{"loc":{"start":{"line":13,"column":8},"end":{"line":13,"column":30}},"type":"binary-expr","locations":[{"start":{"line":13,"column":8},"end":{"line":13,"column":17}},{"start":{"line":13,"column":21},"end":{"line":13,"column":30}}],"line":13},"2":{"loc":{"start":{"line":40,"column":4},"end":{"line":44,"column":5}},"type":"if","locations":[{"start":{"line":40,"column":4},"end":{"line":44,"column":5}},{"start":{},"end":{}}],"line":40},"3":{"loc":{"start":{"line":40,"column":8},"end":{"line":40,"column":30}},"type":"binary-expr","locations":[{"start":{"line":40,"column":8},"end":{"line":40,"column":17}},{"start":{"line":40,"column":21},"end":{"line":40,"column":30}}],"line":40}},"s":{"0":1,"1":1,"2":1,"3":0,"4":1,"5":1,"6":1,"7":5,"8":1,"9":1,"10":1,"11":0,"12":1,"13":1,"14":0,"15":1,"16":1,"17":1,"18":1,"19":0},"f":{"0":1,"1":5,"2":1},"b":{"0":[0,1],"1":[1,1],"2":[0,1],"3":[1,1]},"_coverageSchema":"1a1c01bbd47fc00a2c39e90264f33305004495a9","hash":"cf9d6953bfaf714115c76dc72f21a69d463df69f"}
,"/home/user/Documents/GitHub/private-to-do-list/src/utils/exampleTasks.js": {"path":"/home/user/Documents/GitHub/private-to-do-list/src/utils/exampleTasks.js","statementMap":{"0":{"start":{"line":1,"column":28},"end":{"line":31,"column":1}}},"fnMap":{},"branchMap":{},"s":{"0":1},"f":{},"b":{},"_coverageSchema":"1a1c01bbd47fc00a2c39e90264f33305004495a9","hash":"399be0c9736b52668034edf3ac774f8557d76708"}
}
