TN:
SF:src/controllers/AuthController.js
FN:11,(anonymous_0)
FN:21,(anonymous_1)
FN:38,(anonymous_2)
FNF:3
FNH:3
FNDA:1,(anonymous_0)
FNDA:5,(anonymous_1)
FNDA:1,(anonymous_2)
DA:10,1
DA:12,1
DA:13,1
DA:14,0
DA:18,1
DA:19,1
DA:21,5
DA:26,1
DA:28,1
DA:29,1
DA:35,0
DA:39,1
DA:40,1
DA:41,0
DA:45,1
DA:46,1
DA:47,1
DA:48,1
DA:54,0
LF:19
LH:15
BRDA:13,0,0,0
BRDA:13,0,1,1
BRDA:13,1,0,1
BRDA:13,1,1,1
BRDA:40,2,0,0
BRDA:40,2,1,1
BRDA:40,3,0,1
BRDA:40,3,1,1
BRF:8
BRH:6
end_of_record
TN:
SF:src/utils/exampleTasks.js
FNF:0
FNH:0
DA:1,1
LF:1
LH:1
BRF:0
BRH:0
end_of_record
